make all --print-data-base --no-builtin-variables --no-builtin-rules --question
# GNU Make 4.1
# Built for x86_64-pc-linux-gnu
# Copyright (C) 1988-2014 Free Software Foundation, Inc.
# License GPLv3+: GNU GPL version 3 or later <http://gnu.org/licenses/gpl.html>
# This is free software: you are free to change and redistribute it.
# There is NO WARRANTY, to the extent permitted by law.

# Make data base, printed on Thu Apr 29 19:10:51 2021

# Variables

# automatic
<D = $(patsubst %/,%,$(dir $<))
# automatic
?F = $(notdir $?)
# default
.SHELLFLAGS := -c
# environment
VSCODE_AGENT_FOLDER = /home/yash/.vscode-server
# environment
VSCODE_LOG_NATIVE = false
# environment
NVM_INC = /home/yash/.nvm/versions/node/v14.13.0/include/node
# automatic
?D = $(patsubst %/,%,$(dir $?))
# automatic
@D = $(patsubst %/,%,$(dir $@))
# automatic
@F = $(notdir $@)
# default
MAKE_VERSION := 4.1
# makefile
CURDIR := /home/yash/comp/cf/1103
# makefile
SHELL = /bin/sh
# environment
VSCODE_NLS_CONFIG = {"locale":"en","availableLanguages":{}}
# environment
_ = /home/yash/.vscode-server/bin/3c4e3df9e89829dce27b7b5c24508306b151f30d/node
# environment
ftp_proxy = 
# environment
CHANGE_MINIKUBE_NONE_USER = true
# environment
workfolder = /home/yash/golib/bin/
# makefile
MAKEFILE_LIST := 
# environment
GO111MODULE = on
# 'override' directive
GNUMAKEFLAGS := 
# environment
VSCODE_VERBOSE_LOGGING = true
# environment
CLIENT_ID = c2a76cd6cd641949ccb4
# environment
VSCODE_CWD = /home/yash
# environment
SSH_CONNECTION = 192.168.0.179 62321 192.168.0.143 22
# environment
PATH = /home/yash/.vscode-server/bin/3c4e3df9e89829dce27b7b5c24508306b151f30d/bin:/home/yash/.nvm/versions/node/v14.13.0/bin:/home/yash/.vscode-server/bin/3c4e3df9e89829dce27b7b5c24508306b151f30d/bin:/usr/local/sbin:/usr/local/bin:/usr/sbin:/usr/bin:/sbin:/bin:/usr/games:/usr/local/games:/snap/bin:/usr/local/go/bin:/home/yash/golib/bin
# environment
LSCOLORS = Gxfxcxdxbxegedabagacad
# environment
XDG_RUNTIME_DIR = /run/user/1000
# environment
MINIO_EXECUTABLE = /home/yash/Downloads/minio
# environment
GOPATH = /home/yash/golib
# environment
NVM_BIN = /home/yash/.nvm/versions/node/v14.13.0/bin
# environment
VSCODE_LOG_STACK = false
# default
.FEATURES := target-specific order-only second-expansion else-if shortest-stem undefine oneshell archives jobserver output-sync check-symlink load
# environment
CLIENT_SECRET = 6206638228d24259dbd6f92e4a8c85015ce74daa
# environment
LS_COLORS = 
# environment
DEFAULT_USER = hitman
# automatic
%F = $(notdir $%)
# environment
MC_EXECUTABLE = /home/yash/Downloads/mc
# environment
MINIO_ENABLED = true
# environment
MVD_DESKTOP_DIR = /home/yash/zlux/zlux-app-manager/virtual-desktop
# environment
VSCODE_PIPE_LOGGING = true
# environment
PWD = /home/yash/comp/cf/1103
# environment
VSCODE_IPC_HOOK_CLI = /run/user/1000/vscode-ipc-56195383-490a-4170-91ad-a19121f45ad2.sock
# automatic
*D = $(patsubst %/,%,$(dir $*))
# environment
VSCODE_AMD_ENTRYPOINT = vs/server/remoteExtensionHostProcess
# environment
HOME = /home/yash
# environment
LOGNAME = yash
# environment
APPLICATION_INSIGHTS_NO_DIAGNOSTIC_CHANNEL = true
# environment
NVM_CD_FLAGS = -q
# automatic
+F = $(notdir $+)
# environment
ZSH = /home/yash/.oh-my-zsh
# environment
VSCODE_HANDLES_UNCAUGHT_ERRORS = true
# automatic
^D = $(patsubst %/,%,$(dir $^))
# environment
THANOS_EXECUTABLE = /home/yash/golib/bin/thanos
# environment
MAKELEVEL := 0
# default
MAKE = $(MAKE_COMMAND)
# default
MAKECMDGOALS := all
# environment
SHLVL = 1
# environment
XDG_SESSION_ID = 1793
# environment
USER = yash
# makefile
.DEFAULT_GOAL := 
# environment
GOROOT = /usr/local/go
# environment
LESS = -R
# automatic
%D = $(patsubst %/,%,$(dir $%))
# environment
PROMETHEUS_EXECUTABLE = /home/yash/golib/bin/prometheus
# default
MAKE_COMMAND := make
# environment
OLDPWD = /home/yash
# default
.VARIABLES := 
# automatic
*F = $(notdir $*)
# environment
LANGUAGE = en_IN:en
# makefile
MAKEFLAGS = pqrR
# environment
MFLAGS = -pqrR
# environment
SSH_CLIENT = 192.168.0.179 62321 22
# environment
MAIL = /var/mail/yash
# automatic
+D = $(patsubst %/,%,$(dir $+))
# environment
BROWSER = /home/yash/.vscode-server/bin/3c4e3df9e89829dce27b7b5c24508306b151f30d/bin/helpers/browser.sh
# default
MAKEFILES := 
# automatic
<F = $(notdir $<)
# environment
https_proxy = 
# environment
PAGER = less
# automatic
^F = $(notdir $^)
# environment
NVM_DIR = /home/yash/.nvm
# default
SUFFIXES := 
# default
.INCLUDE_DIRS = /usr/include /usr/local/include /usr/include
# environment
VSCODE_INJECT_NODE_MODULE_LOOKUP_PATH = /home/yash/.vscode-server/bin/3c4e3df9e89829dce27b7b5c24508306b151f30d/remote/node_modules
# default
.RECIPEPREFIX := 
# environment
http_proxy = 
# default
MAKE_HOST := x86_64-pc-linux-gnu
# environment
LANG = en_IN
# environment
VSCODE_EXTHOST_WILL_SEND_SOCKET = true
# variable set hash-table stats:
# Load=89/1024=9%, Rehash=0, Collisions=9/111=8%

# Pattern-specific Variable Values

# No pattern-specific variable values.

# Directories

# . (device 2054, inode 2294209): 3 files, no impossibilities.

# 3 files, no impossibilities in 1 directories.

# Implicit Rules

# No implicit rules.

# Files

# Not a target:
all:
#  Command line target.
#  Implicit rule search has been done.
#  File does not exist.
#  File has not been updated.

# Not a target:
Makefile:
#  Implicit rule search has been done.
#  File does not exist.
#  File has been updated.
#  Failed to be updated.

# Not a target:
makefile:
#  Implicit rule search has been done.
#  File does not exist.
#  File has been updated.
#  Failed to be updated.

# Not a target:
.DEFAULT:
#  Implicit rule search has not been done.
#  Modification time never checked.
#  File has not been updated.

# Not a target:
GNUmakefile:
#  Implicit rule search has been done.
#  File does not exist.
#  File has been updated.
#  Failed to be updated.

# files hash-table stats:
# Load=6/1024=1%, Rehash=0, Collisions=0/15=0%
# VPATH Search Paths

# No 'vpath' search paths.

# No general ('VPATH' variable) search path.

# strcache buffers: 1 (0) / strings = 11 / storage = 98 B / avg = 8 B
# current buf: size = 8162 B / used = 98 B / count = 11 / avg = 8 B

# strcache performance: lookups = 14 / hit rate = 21%
# hash-table stats:
# Load=11/8192=0%, Rehash=0, Collisions=1/14=7%
# Finished Make data base on Thu Apr 29 19:10:51 2021

 
make: *** No rule to make target 'all'.  Stop.
 
